-------------------------------------------------------------------------------
Test set: edu.columbia.stat.wood.deplump.CommandLineOptionsTest
-------------------------------------------------------------------------------
Tests run: 2, Failures: 2, Errors: 0, Skipped: 0, Time elapsed: 0.068 sec <<< FAILURE!
testGetOptions(edu.columbia.stat.wood.deplump.CommandLineOptionsTest)  Time elapsed: 0.014 sec  <<< FAILURE!
java.lang.AssertionError: expected:<null> but was:<[ Options: [ short {d=[ option: d depth  [ARG] :: Maximum depth of the model ], lsl=[ option: lsl limitSeqeunceLength  [ARG] :: Maximum length (in bytes) of the sequence kept by the Sequence Memoizer for the underlying tree structure to reference ], lr=[ option: lr limitRestaurants  [ARG] :: Maximum number of nodes the Sequence Memoizer model is allowed to instantiate ], file=[ option: file [ARG...] :: Fully specified path(s) to file or files to deplump ], saveModelFileName=[ option: saveModelFileName fileNameToSerializeLearnedModelTo  [ARG] :: File to which to save predictive model ], url=[ option: url urlSerializedModel  [ARG] :: URL of a saved predictive model ], i=[ option: i insert  [ARG] :: Should the model should be updated during compression? ]} ] [ long {fileNameToSerializeLearnedModelTo=[ option: saveModelFileName fileNameToSerializeLearnedModelTo  [ARG] :: File to which to save predictive model ], limitSeqeunceLength=[ option: lsl limitSeqeunceLength  [ARG] :: Maximum length (in bytes) of the sequence kept by the Sequence Memoizer for the underlying tree structure to reference ], urlSerializedModel=[ option: url urlSerializedModel  [ARG] :: URL of a saved predictive model ], insert=[ option: i insert  [ARG] :: Should the model should be updated during compression? ], limitRestaurants=[ option: lr limitRestaurants  [ARG] :: Maximum number of nodes the Sequence Memoizer model is allowed to instantiate ], depth=[ option: d depth  [ARG] :: Maximum depth of the model ]} ]>
	at org.junit.Assert.fail(Assert.java:74)
	at org.junit.Assert.failNotEquals(Assert.java:448)
	at org.junit.Assert.assertEquals(Assert.java:102)
	at org.junit.Assert.assertEquals(Assert.java:117)
	at edu.columbia.stat.wood.deplump.CommandLineOptionsTest.testGetOptions(CommandLineOptionsTest.java:50)
	at sun.reflect.NativeMethodAccessorImpl.invoke0(Native Method)
	at sun.reflect.NativeMethodAccessorImpl.invoke(NativeMethodAccessorImpl.java:39)
	at sun.reflect.DelegatingMethodAccessorImpl.invoke(DelegatingMethodAccessorImpl.java:25)
	at java.lang.reflect.Method.invoke(Method.java:597)
	at org.junit.internal.runners.TestMethod.invoke(TestMethod.java:59)
	at org.junit.internal.runners.MethodRoadie.runTestMethod(MethodRoadie.java:98)
	at org.junit.internal.runners.MethodRoadie$2.run(MethodRoadie.java:79)
	at org.junit.internal.runners.MethodRoadie.runBeforesThenTestThenAfters(MethodRoadie.java:87)
	at org.junit.internal.runners.MethodRoadie.runTest(MethodRoadie.java:77)
	at org.junit.internal.runners.MethodRoadie.run(MethodRoadie.java:42)
	at org.junit.internal.runners.JUnit4ClassRunner.invokeTestMethod(JUnit4ClassRunner.java:88)
	at org.junit.internal.runners.JUnit4ClassRunner.runMethods(JUnit4ClassRunner.java:51)
	at org.junit.internal.runners.JUnit4ClassRunner$1.run(JUnit4ClassRunner.java:44)
	at org.junit.internal.runners.ClassRoadie.runUnprotected(ClassRoadie.java:27)
	at org.junit.internal.runners.ClassRoadie.runProtected(ClassRoadie.java:37)
	at org.junit.internal.runners.JUnit4ClassRunner.run(JUnit4ClassRunner.java:42)
	at org.apache.maven.surefire.junit4.JUnit4TestSet.execute(JUnit4TestSet.java:35)
	at org.apache.maven.surefire.junit4.JUnit4Provider.executeTestSet(JUnit4Provider.java:146)
	at org.apache.maven.surefire.junit4.JUnit4Provider.invoke(JUnit4Provider.java:97)
	at sun.reflect.NativeMethodAccessorImpl.invoke0(Native Method)
	at sun.reflect.NativeMethodAccessorImpl.invoke(NativeMethodAccessorImpl.java:39)
	at sun.reflect.DelegatingMethodAccessorImpl.invoke(DelegatingMethodAccessorImpl.java:25)
	at java.lang.reflect.Method.invoke(Method.java:597)
	at org.apache.maven.surefire.booter.ProviderFactory$ClassLoaderProxy.invoke(ProviderFactory.java:103)
	at $Proxy0.invoke(Unknown Source)
	at org.apache.maven.surefire.booter.SurefireStarter.invokeProvider(SurefireStarter.java:145)
	at org.apache.maven.surefire.booter.SurefireStarter.runSuitesInProcess(SurefireStarter.java:87)
	at org.apache.maven.surefire.booter.ForkedBooter.main(ForkedBooter.java:69)

testParse(edu.columbia.stat.wood.deplump.CommandLineOptionsTest)  Time elapsed: 0.009 sec  <<< FAILURE!
java.lang.AssertionError: expected:<null> but was:<edu.columbia.stat.wood.deplump.CommandLineOptions$ParseReturn@626f50a8>
	at org.junit.Assert.fail(Assert.java:74)
	at org.junit.Assert.failNotEquals(Assert.java:448)
	at org.junit.Assert.assertEquals(Assert.java:102)
	at org.junit.Assert.assertEquals(Assert.java:117)
	at edu.columbia.stat.wood.deplump.CommandLineOptionsTest.testParse(CommandLineOptionsTest.java:64)
	at sun.reflect.NativeMethodAccessorImpl.invoke0(Native Method)
	at sun.reflect.NativeMethodAccessorImpl.invoke(NativeMethodAccessorImpl.java:39)
	at sun.reflect.DelegatingMethodAccessorImpl.invoke(DelegatingMethodAccessorImpl.java:25)
	at java.lang.reflect.Method.invoke(Method.java:597)
	at org.junit.internal.runners.TestMethod.invoke(TestMethod.java:59)
	at org.junit.internal.runners.MethodRoadie.runTestMethod(MethodRoadie.java:98)
	at org.junit.internal.runners.MethodRoadie$2.run(MethodRoadie.java:79)
	at org.junit.internal.runners.MethodRoadie.runBeforesThenTestThenAfters(MethodRoadie.java:87)
	at org.junit.internal.runners.MethodRoadie.runTest(MethodRoadie.java:77)
	at org.junit.internal.runners.MethodRoadie.run(MethodRoadie.java:42)
	at org.junit.internal.runners.JUnit4ClassRunner.invokeTestMethod(JUnit4ClassRunner.java:88)
	at org.junit.internal.runners.JUnit4ClassRunner.runMethods(JUnit4ClassRunner.java:51)
	at org.junit.internal.runners.JUnit4ClassRunner$1.run(JUnit4ClassRunner.java:44)
	at org.junit.internal.runners.ClassRoadie.runUnprotected(ClassRoadie.java:27)
	at org.junit.internal.runners.ClassRoadie.runProtected(ClassRoadie.java:37)
	at org.junit.internal.runners.JUnit4ClassRunner.run(JUnit4ClassRunner.java:42)
	at org.apache.maven.surefire.junit4.JUnit4TestSet.execute(JUnit4TestSet.java:35)
	at org.apache.maven.surefire.junit4.JUnit4Provider.executeTestSet(JUnit4Provider.java:146)
	at org.apache.maven.surefire.junit4.JUnit4Provider.invoke(JUnit4Provider.java:97)
	at sun.reflect.NativeMethodAccessorImpl.invoke0(Native Method)
	at sun.reflect.NativeMethodAccessorImpl.invoke(NativeMethodAccessorImpl.java:39)
	at sun.reflect.DelegatingMethodAccessorImpl.invoke(DelegatingMethodAccessorImpl.java:25)
	at java.lang.reflect.Method.invoke(Method.java:597)
	at org.apache.maven.surefire.booter.ProviderFactory$ClassLoaderProxy.invoke(ProviderFactory.java:103)
	at $Proxy0.invoke(Unknown Source)
	at org.apache.maven.surefire.booter.SurefireStarter.invokeProvider(SurefireStarter.java:145)
	at org.apache.maven.surefire.booter.SurefireStarter.runSuitesInProcess(SurefireStarter.java:87)
	at org.apache.maven.surefire.booter.ForkedBooter.main(ForkedBooter.java:69)

